[2024-09-28 09:08:04] Ticket generated: User ID: 5, Name: Saloni , Roll No: 2221098
[2024-09-28 09:10:18] Ticket generated: User ID: 6, Name: Saloni , Roll No: 2221098
[2024-09-28 09:13:59] Ticket generated: User ID: 7, Name: Shivani, Roll No: 2221099
[2024-09-28 09:16:44] Ticket generated: User ID: 8, Name: Ssnnkd, Roll No: 2221055
[2024-09-28 09:19:10] Ticket generated: User ID: 9, Name: ehdlsn, Roll No: 789652
[2024-09-28 09:22:34] Ticket generated: User ID: 10, Name: ehdlsn, Roll No: 789652
[2024-09-28 09:23:53] Ticket generated: User ID: 11, Name: ehdlsn, Roll No: 789652
[2024-09-28 09:26:52] User verified: User ID: 11, Name: ehdlsn, Roll No: 789652
[2024-09-28 09:27:07] Ticket generated: User ID: 12, Name: rohit, Roll No: 785266
[2024-09-28 09:28:55] Ticket generated: User ID: 13, Name: rohit, Roll No: 785266
[2024-09-28 09:40:29] Ticket generated: User ID: 14, Name: sanya, Roll No: 2221103
[2024-09-28 09:44:39] User verified: User ID: 14, Name: sanya, Roll No: 2221103
[2024-09-28 09:49:25] Ticket generated: User ID: 15, Name: riya , Roll No: 7425
[2024-09-28 09:52:49] Ticket generated: User ID: 16, Name: riya , Roll No: 74275
[2024-09-28 09:53:52] User verified: User ID: 14, Name: sanya, Roll No: 2221103
[2024-09-28 09:54:32] User verified: User ID: 14, Name: sanya, Roll No: 2221103
[2024-09-28 10:37:11] Ticket generated: User ID: 17, Name: Priya , Roll No: 125856
[2024-09-28 10:39:07] Ticket generated: User ID: 18, Name: Priyanka, Roll No: 125857
[2024-09-28 10:39:54] User verified: User ID: 18, Name: Priyanka, Roll No: 125857
[2024-09-28 10:40:40] User verified: User ID: 18, Name: Priyanka, Roll No: 125857
[2024-09-30 16:50:35] Ticket generated: User ID: 19, Name: Priyanka rain, Roll No: 12585745
[2024-09-30 16:52:36] User verified: User ID: 19, Name: Priyanka rain, Roll No: 12585745
[2024-09-30 16:55:18] Ticket generated: User ID: 20, Name: Saloni, Roll No: 78965
[2024-10-01 05:16:11] Ticket generated: User ID: 21, Name: sanya, Roll No: 123456
[2024-10-01 05:17:02] Ticket generated: User ID: 22, Name: sakm, Roll No: 7859
[2024-10-01 05:17:36] User verified: User ID: 22, Name: sakm, Roll No: 7859
[2024-10-01 05:58:14] Ticket generated: User ID: 23, Name: rohit, Roll No: 78590
[2024-10-01 05:58:45] User verified: User ID: 23, Name: rohit, Roll No: 78590
[2024-10-01 06:01:49] Ticket generated: User ID: 24, Name: rohit, Roll No: 785901
[2024-10-01 06:02:30] User verified: User ID: 24, Name: rohit, Roll No: 785901
[2024-10-01 10:25:33] Ticket generated: User ID: 26, Name: f,d, Roll No: 12
[2024-10-01 10:33:47] Ticket generated: User ID: 27, Name: fun, Roll No: 120
[2024-10-01 10:36:00] Ticket generated: User ID: 28, Name: funmm, Roll No: 1201
[2024-10-01 10:37:38] Ticket generated: User ID: 29, Name: eddd, Roll No: 75
[2024-10-01 10:38:49] User verified: User ID: 29, Name: eddd, Roll No: 75
[2024-10-01 10:41:45] Ticket generated: User ID: 30, Name: semmk, Roll No: 558
[2024-10-07 17:22:40] Ticket generated: User ID: 31, Name: Priyanka rain, Roll No: 75225956
[2024-10-07 17:25:07] Ticket generated: User ID: 32, Name: pqr, Roll No: 1
[2024-10-07 17:27:13] User verified: User ID: 32, Name: pqr, Roll No: 1
[2024-10-07 17:34:29] Ticket generated: User ID: 33, Name: pqr, Roll No: 123
[2024-10-07 17:41:57] Ticket generated: User ID: 35, Name: rgh, Roll No: 7525
[2024-11-09 15:06:48] User verified: User ID: 14, Name: sanya, Roll No: 2221103
[2024-11-09 15:07:48] Ticket generated: User ID: 36, Name: priya, Roll No: 52
